<?xml version="1.0" encoding="UTF-8"?>
<testsuite xmlns:xsi="http://www.w3.org/2001/XMLSchema-instance" xsi:noNamespaceSchemaLocation="https://maven.apache.org/surefire/maven-surefire-plugin/xsd/surefire-test-report-3.0.xsd" version="3.0" name="TestSuite" time="4.839" tests="21" errors="0" skipped="0" failures="0">
  <properties>
    <property name="java.specification.version" value="19"/>
    <property name="sun.cpu.isalist" value="amd64"/>
    <property name="sun.jnu.encoding" value="Cp1251"/>
    <property name="java.class.path" value="c:\Users\123\Desktop\JAVA projects\HibrnateBookLearning\hibernate_book_learning\chapter03\target\test-classes;c:\Users\123\Desktop\JAVA projects\HibrnateBookLearning\hibernate_book_learning\chapter03\target\classes;C:\Users\123\.m2\repository\org\hibernate\orm\hibernate-core\6.0.0.Alpha8\hibernate-core-6.0.0.Alpha8.jar;C:\Users\123\.m2\repository\javax\persistence\javax.persistence-api\2.2\javax.persistence-api-2.2.jar;C:\Users\123\.m2\repository\org\jboss\spec\javax\transaction\jboss-transaction-api_1.2_spec\1.1.1.Final\jboss-transaction-api_1.2_spec-1.1.1.Final.jar;C:\Users\123\.m2\repository\org\jboss\jandex\2.2.3.Final\jandex-2.2.3.Final.jar;C:\Users\123\.m2\repository\com\fasterxml\classmate\1.5.1\classmate-1.5.1.jar;C:\Users\123\.m2\repository\org\hibernate\common\hibernate-commons-annotations\5.1.2.Final\hibernate-commons-annotations-5.1.2.Final.jar;C:\Users\123\.m2\repository\javax\xml\bind\jaxb-api\2.3.1\jaxb-api-2.3.1.jar;C:\Users\123\.m2\repository\org\jboss\logging\jboss-logging\3.3.2.Final\jboss-logging-3.3.2.Final.jar;C:\Users\123\.m2\repository\net\bytebuddy\byte-buddy\1.10.21\byte-buddy-1.10.21.jar;C:\Users\123\.m2\repository\javax\activation\javax.activation-api\1.2.0\javax.activation-api-1.2.0.jar;C:\Users\123\.m2\repository\org\glassfish\jaxb\jaxb-runtime\2.3.1\jaxb-runtime-2.3.1.jar;C:\Users\123\.m2\repository\org\glassfish\jaxb\txw2\2.3.1\txw2-2.3.1.jar;C:\Users\123\.m2\repository\com\sun\istack\istack-commons-runtime\3.0.7\istack-commons-runtime-3.0.7.jar;C:\Users\123\.m2\repository\org\jvnet\staxex\stax-ex\1.8\stax-ex-1.8.jar;C:\Users\123\.m2\repository\com\sun\xml\fastinfoset\FastInfoset\1.2.15\FastInfoset-1.2.15.jar;C:\Users\123\.m2\repository\org\antlr\antlr4\4.9.1\antlr4-4.9.1.jar;C:\Users\123\.m2\repository\org\antlr\antlr4-runtime\4.9.1\antlr4-runtime-4.9.1.jar;C:\Users\123\.m2\repository\org\antlr\antlr-runtime\3.5.2\antlr-runtime-3.5.2.jar;C:\Users\123\.m2\repository\org\antlr\ST4\4.3\ST4-4.3.jar;C:\Users\123\.m2\repository\org\abego\treelayout\org.abego.treelayout.core\1.0.3\org.abego.treelayout.core-1.0.3.jar;C:\Users\123\.m2\repository\org\glassfish\javax.json\1.0.4\javax.json-1.0.4.jar;C:\Users\123\.m2\repository\com\ibm\icu\icu4j\61.1\icu4j-61.1.jar;C:\Users\123\.m2\repository\ch\qos\logback\logback-classic\1.2.3\logback-classic-1.2.3.jar;C:\Users\123\.m2\repository\ch\qos\logback\logback-core\1.2.3\logback-core-1.2.3.jar;C:\Users\123\.m2\repository\org\slf4j\slf4j-api\1.7.25\slf4j-api-1.7.25.jar;C:\Users\123\.m2\repository\com\h2database\h2\1.4.200\h2-1.4.200.jar;C:\Users\123\.m2\repository\org\testng\testng\7.4.0\testng-7.4.0.jar;C:\Users\123\.m2\repository\com\beust\jcommander\1.78\jcommander-1.78.jar;C:\Users\123\.m2\repository\org\webjars\jquery\3.5.1\jquery-3.5.1.jar;"/>
    <property name="java.vm.vendor" value="Oracle Corporation"/>
    <property name="sun.arch.data.model" value="64"/>
    <property name="user.variant" value=""/>
    <property name="java.vendor.url" value="https://java.oracle.com/"/>
    <property name="user.timezone" value="Europe/Kiev"/>
    <property name="os.name" value="Windows 10"/>
    <property name="java.vm.specification.version" value="19"/>
    <property name="sun.java.launcher" value="SUN_STANDARD"/>
    <property name="user.country" value="RU"/>
    <property name="sun.boot.library.path" value="C:\Program Files\Java\jdk-19\bin"/>
    <property name="sun.java.command" value="C:\Users\123\AppData\Local\Temp\surefire3241668114844347361\surefirebooter-20231016121052299_3.jar C:\Users\123\AppData\Local\Temp\surefire3241668114844347361 2023-10-16T12-10-52_074-jvmRun1 surefire-20231016121052299_1tmp surefire_0-20231016121052299_2tmp"/>
    <property name="jdk.debug" value="release"/>
    <property name="surefire.test.class.path" value="c:\Users\123\Desktop\JAVA projects\HibrnateBookLearning\hibernate_book_learning\chapter03\target\test-classes;c:\Users\123\Desktop\JAVA projects\HibrnateBookLearning\hibernate_book_learning\chapter03\target\classes;C:\Users\123\.m2\repository\org\hibernate\orm\hibernate-core\6.0.0.Alpha8\hibernate-core-6.0.0.Alpha8.jar;C:\Users\123\.m2\repository\javax\persistence\javax.persistence-api\2.2\javax.persistence-api-2.2.jar;C:\Users\123\.m2\repository\org\jboss\spec\javax\transaction\jboss-transaction-api_1.2_spec\1.1.1.Final\jboss-transaction-api_1.2_spec-1.1.1.Final.jar;C:\Users\123\.m2\repository\org\jboss\jandex\2.2.3.Final\jandex-2.2.3.Final.jar;C:\Users\123\.m2\repository\com\fasterxml\classmate\1.5.1\classmate-1.5.1.jar;C:\Users\123\.m2\repository\org\hibernate\common\hibernate-commons-annotations\5.1.2.Final\hibernate-commons-annotations-5.1.2.Final.jar;C:\Users\123\.m2\repository\javax\xml\bind\jaxb-api\2.3.1\jaxb-api-2.3.1.jar;C:\Users\123\.m2\repository\org\jboss\logging\jboss-logging\3.3.2.Final\jboss-logging-3.3.2.Final.jar;C:\Users\123\.m2\repository\net\bytebuddy\byte-buddy\1.10.21\byte-buddy-1.10.21.jar;C:\Users\123\.m2\repository\javax\activation\javax.activation-api\1.2.0\javax.activation-api-1.2.0.jar;C:\Users\123\.m2\repository\org\glassfish\jaxb\jaxb-runtime\2.3.1\jaxb-runtime-2.3.1.jar;C:\Users\123\.m2\repository\org\glassfish\jaxb\txw2\2.3.1\txw2-2.3.1.jar;C:\Users\123\.m2\repository\com\sun\istack\istack-commons-runtime\3.0.7\istack-commons-runtime-3.0.7.jar;C:\Users\123\.m2\repository\org\jvnet\staxex\stax-ex\1.8\stax-ex-1.8.jar;C:\Users\123\.m2\repository\com\sun\xml\fastinfoset\FastInfoset\1.2.15\FastInfoset-1.2.15.jar;C:\Users\123\.m2\repository\org\antlr\antlr4\4.9.1\antlr4-4.9.1.jar;C:\Users\123\.m2\repository\org\antlr\antlr4-runtime\4.9.1\antlr4-runtime-4.9.1.jar;C:\Users\123\.m2\repository\org\antlr\antlr-runtime\3.5.2\antlr-runtime-3.5.2.jar;C:\Users\123\.m2\repository\org\antlr\ST4\4.3\ST4-4.3.jar;C:\Users\123\.m2\repository\org\abego\treelayout\org.abego.treelayout.core\1.0.3\org.abego.treelayout.core-1.0.3.jar;C:\Users\123\.m2\repository\org\glassfish\javax.json\1.0.4\javax.json-1.0.4.jar;C:\Users\123\.m2\repository\com\ibm\icu\icu4j\61.1\icu4j-61.1.jar;C:\Users\123\.m2\repository\ch\qos\logback\logback-classic\1.2.3\logback-classic-1.2.3.jar;C:\Users\123\.m2\repository\ch\qos\logback\logback-core\1.2.3\logback-core-1.2.3.jar;C:\Users\123\.m2\repository\org\slf4j\slf4j-api\1.7.25\slf4j-api-1.7.25.jar;C:\Users\123\.m2\repository\com\h2database\h2\1.4.200\h2-1.4.200.jar;C:\Users\123\.m2\repository\org\testng\testng\7.4.0\testng-7.4.0.jar;C:\Users\123\.m2\repository\com\beust\jcommander\1.78\jcommander-1.78.jar;C:\Users\123\.m2\repository\org\webjars\jquery\3.5.1\jquery-3.5.1.jar;"/>
    <property name="sun.cpu.endian" value="little"/>
    <property name="user.home" value="C:\Users\123"/>
    <property name="user.language" value="ru"/>
    <property name="java.specification.vendor" value="Oracle Corporation"/>
    <property name="java.version.date" value="2023-01-17"/>
    <property name="java.home" value="C:\Program Files\Java\jdk-19"/>
    <property name="file.separator" value="\"/>
    <property name="basedir" value="c:\Users\123\Desktop\JAVA projects\HibrnateBookLearning\hibernate_book_learning\chapter03"/>
    <property name="java.vm.compressedOopsMode" value="Zero based"/>
    <property name="line.separator" value="&#10;"/>
    <property name="java.vm.specification.vendor" value="Oracle Corporation"/>
    <property name="java.specification.name" value="Java Platform API Specification"/>
    <property name="surefire.real.class.path" value="C:\Users\123\AppData\Local\Temp\surefire3241668114844347361\surefirebooter-20231016121052299_3.jar"/>
    <property name="user.script" value=""/>
    <property name="sun.management.compiler" value="HotSpot 64-Bit Tiered Compilers"/>
    <property name="java.runtime.version" value="19.0.2+7-44"/>
    <property name="user.name" value="123"/>
    <property name="stdout.encoding" value="Cp1251"/>
    <property name="path.separator" value=";"/>
    <property name="os.version" value="10.0"/>
    <property name="java.runtime.name" value="Java(TM) SE Runtime Environment"/>
    <property name="file.encoding" value="UTF-8"/>
    <property name="java.vm.name" value="Java HotSpot(TM) 64-Bit Server VM"/>
    <property name="localRepository" value="C:\Users\123\.m2\repository"/>
    <property name="java.vendor.url.bug" value="https://bugreport.java.com/bugreport/"/>
    <property name="java.io.tmpdir" value="C:\Users\123\AppData\Local\Temp\"/>
    <property name="java.version" value="19.0.2"/>
    <property name="user.dir" value="c:\Users\123\Desktop\JAVA projects\HibrnateBookLearning\hibernate_book_learning\chapter03"/>
    <property name="os.arch" value="amd64"/>
    <property name="java.vm.specification.name" value="Java Virtual Machine Specification"/>
    <property name="sun.os.patch.level" value=""/>
    <property name="native.encoding" value="Cp1251"/>
    <property name="java.library.path" value="C:\Program Files\Java\jdk-19\bin;C:\WINDOWS\Sun\Java\bin;C:\WINDOWS\system32;C:\WINDOWS;C:\Python311\Scripts\;C:\Python311\;C:\Program Files\Common Files\Oracle\Java\javapath;C:\Program Files (x86)\Common Files\Intel\Shared Libraries\redist\ia32\compiler;C:\Program Files (x86)\Common Files\Intel\Shared Libraries\redist\intel64\compiler;C:\Windows\system32;C:\Windows;C:\Windows\System32\Wbem;C:\Windows\System32\WindowsPowerShell\v1.0\;C:\Windows\System32\OpenSSH\;C:\Program Files\NVIDIA Corporation\NVIDIA NvDLISR;C:\WINDOWS\system32;C:\WINDOWS;C:\WINDOWS\System32\Wbem;C:\WINDOWS\System32\WindowsPowerShell\v1.0\;C:\WINDOWS\System32\OpenSSH\;C:\Program Files (x86)\NVIDIA Corporation\PhysX\Common;C:\Program Files\dotnet\;C:\Program Files\Git\cmd;С:\Program Files\Java\jdk-19\bin;C:\Program Files\apache-maven-3.9.3\bin;C:\Gradle\gradle-8.2\bin;C:\Program Files\nvim\bin;C:\MinGW\bin;C:\Users\123\AppData\Local\Microsoft\WindowsApps;C:\ProgramData\chocolatey\bin;C:\Users\123\AppData\Local\nvim-data\site\pack\packer\start\nvim-treesitter\parser;C:\ProgramData\chocolatey\lib\zig\tools\zig-windows-x86_64-0.10.1;C:\Users\123\.local\bin;C:\Python311;C:\Program Files\nodejs\;C:\Program Files\Lua;C:\Program Files (x86)\Groovy\bin;C:\Program Files (x86)\Groovy\bin;C:\Program Files\Docker\Docker\resources\bin;C:\Program Files\cmake-3.27.6;C:\Program Files\CMake\bin;C:\msys64\ucrt64\bin;C:\msys64\mingw64\bin;C:\Users\123\AppData\Local\nvim-data\mason\packages\clangd\clangd_16.0.2\bin;C:\Program Files (x86)\Windows Kits\10\Lib\10.0.22621.0\um\x64;C:\Program Files\Google\Chrome\Application;C:\Program Files\Bind;C:\Program Files\PowerShell\7\;C:\Users\123\.cargo\bin;C:\Program Files\apache-maven-3.9.3\bin;C:\Users\123\AppData\Local\Programs\Microsoft VS Code\bin;C:\Program Files\Neovim\bin;C:\Users\123\AppData\Roaming\npm;."/>
    <property name="java.vm.info" value="mixed mode, sharing"/>
    <property name="stderr.encoding" value="Cp1251"/>
    <property name="java.vendor" value="Oracle Corporation"/>
    <property name="java.vm.version" value="19.0.2+7-44"/>
    <property name="sun.io.unicode.encoding" value="UnicodeLittle"/>
    <property name="java.class.version" value="63.0"/>
  </properties>
  <testcase name="addRanking" classname="com.hibernate.project.application.AddRankingTest" time="2.673">
    <system-out><![CDATA[12:10:53,125 |-INFO in ch.qos.logback.classic.LoggerContext[default] - Could NOT find resource [logback-test.xml]
12:10:53,125 |-INFO in ch.qos.logback.classic.LoggerContext[default] - Could NOT find resource [logback.groovy]
12:10:53,125 |-INFO in ch.qos.logback.classic.LoggerContext[default] - Found resource [logback.xml] at [file:/C:/Users/123/Desktop/JAVA%20projects/HibrnateBookLearning/hibernate_book_learning/chapter03/target/test-classes/logback.xml]
12:10:53,187 |-INFO in ch.qos.logback.classic.joran.action.ConfigurationAction - debug attribute not set
12:10:53,187 |-INFO in ch.qos.logback.core.joran.action.AppenderAction - About to instantiate appender of type [ch.qos.logback.core.ConsoleAppender]
12:10:53,203 |-INFO in ch.qos.logback.core.joran.action.AppenderAction - Naming appender as [STDOUT]
12:10:53,234 |-INFO in ch.qos.logback.classic.joran.action.LoggerAction - Setting level of logger [org.hibernate.SQL] to DEBUG
12:10:53,234 |-INFO in ch.qos.logback.classic.joran.action.LoggerAction - Setting additivity of logger [org.hibernate.SQL] to false
12:10:53,234 |-ERROR in ch.qos.logback.core.joran.action.AppenderRefAction - Could not find an appender named [SDTOUT]. Did you define it below instead of above in the configuration file?
12:10:53,234 |-ERROR in ch.qos.logback.core.joran.action.AppenderRefAction - See http://logback.qos.ch/codes.html#appender_order for more details.
12:10:53,234 |-INFO in ch.qos.logback.classic.joran.action.LoggerAction - Setting level of logger [org.hibernate.type.descriptor.sql] to TRACE
12:10:53,234 |-INFO in ch.qos.logback.classic.joran.action.LoggerAction - Setting additivity of logger [org.hibernate.type.descriptor.sql] to false
12:10:53,234 |-ERROR in ch.qos.logback.core.joran.action.AppenderRefAction - Could not find an appender named [SDTOUT]. Did you define it below instead of above in the configuration file?
12:10:53,234 |-ERROR in ch.qos.logback.core.joran.action.AppenderRefAction - See http://logback.qos.ch/codes.html#appender_order for more details.
12:10:53,234 |-INFO in ch.qos.logback.classic.joran.action.RootLoggerAction - Setting level of ROOT logger to INFO
12:10:53,234 |-ERROR in ch.qos.logback.core.joran.action.AppenderRefAction - Could not find an appender named [SDTOUT]. Did you define it below instead of above in the configuration file?
12:10:53,234 |-ERROR in ch.qos.logback.core.joran.action.AppenderRefAction - See http://logback.qos.ch/codes.html#appender_order for more details.
12:10:53,234 |-INFO in ch.qos.logback.classic.joran.action.ConfigurationAction - End of configuration.
12:10:53,234 |-INFO in ch.qos.logback.classic.joran.JoranConfigurator@12aba8be - Registering current configuration as safe fallback point

Hibernate: drop table if exists Person cascade 
Hibernate: drop table if exists Ranking cascade 
Hibernate: drop table if exists Skill cascade 
Hibernate: drop sequence if exists Ranking_SEQ
Hibernate: drop sequence if exists Skill_SEQ
Hibernate: create sequence Ranking_SEQ start with 1 increment by 50
Hibernate: create sequence Skill_SEQ start with 1 increment by 50
Hibernate: create table Person (id bigint generated by default as identity, name varchar(255), primary key (id))
Hibernate: create table Ranking (id bigint not null, ranking integer, observer_id bigint, skill_id bigint, subject_id bigint, primary key (id))
Hibernate: create table Skill (id bigint not null, name varchar(255), primary key (id))
Hibernate: alter table if exists Person add constraint UK_is4vd0f6kw9sw4dxyie5cy9fa unique (name)
Hibernate: alter table if exists Ranking add constraint FKive1infoo3bhngyyh21wpjowd foreign key (observer_id) references Person
Hibernate: alter table if exists Ranking add constraint FK4k8xflg6vgtx54xdi3l86oxv3 foreign key (skill_id) references Skill
Hibernate: alter table if exists Ranking add constraint FKco74nphdiivkvnlujo211y2s9 foreign key (subject_id) references Person
Hibernate: select p1_0.id, p1_0.name from Person as p1_0 where p1_0.name = ?
Hibernate: insert into Person (id, name) values (null, ?)
Hibernate: select p1_0.id, p1_0.name from Person as p1_0 where p1_0.name = ?
Hibernate: insert into Person (id, name) values (null, ?)
Hibernate: select s1_0.id, s1_0.name from Skill as s1_0 where s1_0.name = ?
Hibernate: call next value for Skill_SEQ
Hibernate: call next value for Skill_SEQ
Hibernate: call next value for Ranking_SEQ
Hibernate: call next value for Ranking_SEQ
Hibernate: insert into Skill (name, id) values (?, ?)
Hibernate: insert into Ranking (observer_id, ranking, skill_id, subject_id, id) values (?, ?, ?, ?, ?)
Hibernate: select r1_0.id, r1_0.observer_id, r1_0.ranking, r1_0.skill_id, r1_0.subject_id from Ranking as r1_0 left outer join Person as s1_0 on r1_0.subject_id = s1_0.id left outer join Skill as s2_0 on r1_0.skill_id = s2_0.id where s1_0.name = ? and s2_0.name = ?
Hibernate: select p1_0.id, p1_0.name from Person as p1_0 where p1_0.id = ?
Hibernate: select s1_0.id, s1_0.name from Skill as s1_0 where s1_0.id = ?
Hibernate: select p1_0.id, p1_0.name from Person as p1_0 where p1_0.id = ?
]]></system-out>
  </testcase>
  <testcase name="findAllRanking" classname="com.hibernate.project.application.FindAllRankingTest" time="0.142">
    <system-out><![CDATA[Hibernate: select r1_0.id, r1_0.observer_id, r1_0.ranking, r1_0.skill_id, r1_0.subject_id from Ranking as r1_0 left outer join Person as s1_0 on r1_0.subject_id = s1_0.id left outer join Skill as s2_0 on r1_0.skill_id = s2_0.id where s1_0.name = ? and s2_0.name = ?
Hibernate: select r1_0.id, r1_0.observer_id, r1_0.ranking, r1_0.skill_id, r1_0.subject_id from Ranking as r1_0 left outer join Person as s1_0 on r1_0.subject_id = s1_0.id left outer join Skill as s2_0 on r1_0.skill_id = s2_0.id where s1_0.name = ? and s2_0.name = ?
Hibernate: select p1_0.id, p1_0.name from Person as p1_0 where p1_0.name = ?
Hibernate: insert into Person (id, name) values (null, ?)
Hibernate: select p1_0.id, p1_0.name from Person as p1_0 where p1_0.name = ?
Hibernate: insert into Person (id, name) values (null, ?)
Hibernate: select s1_0.id, s1_0.name from Skill as s1_0 where s1_0.name = ?
Hibernate: insert into Skill (name, id) values (?, ?)
Hibernate: insert into Ranking (observer_id, ranking, skill_id, subject_id, id) values (?, ?, ?, ?, ?)
Hibernate: select p1_0.id, p1_0.name from Person as p1_0 where p1_0.name = ?
Hibernate: select p1_0.id, p1_0.name from Person as p1_0 where p1_0.name = ?
Hibernate: select s1_0.id, s1_0.name from Skill as s1_0 where s1_0.name = ?
Hibernate: insert into Ranking (observer_id, ranking, skill_id, subject_id, id) values (?, ?, ?, ?, ?)
Hibernate: select p1_0.id, p1_0.name from Person as p1_0 where p1_0.name = ?
Hibernate: select p1_0.id, p1_0.name from Person as p1_0 where p1_0.name = ?
Hibernate: select s1_0.id, s1_0.name from Skill as s1_0 where s1_0.name = ?
Hibernate: insert into Skill (name, id) values (?, ?)
Hibernate: insert into Ranking (observer_id, ranking, skill_id, subject_id, id) values (?, ?, ?, ?, ?)
Hibernate: select p1_0.id, p1_0.name from Person as p1_0 where p1_0.name = ?
Hibernate: select p1_0.id, p1_0.name from Person as p1_0 where p1_0.name = ?
Hibernate: select s1_0.id, s1_0.name from Skill as s1_0 where s1_0.name = ?
Hibernate: insert into Ranking (observer_id, ranking, skill_id, subject_id, id) values (?, ?, ?, ?, ?)
Hibernate: select r1_0.id, r1_0.observer_id, r1_0.ranking, r1_0.skill_id, r1_0.subject_id from Ranking as r1_0 left outer join Person as s1_0 on r1_0.subject_id = s1_0.id left outer join Skill as s2_0 on r1_0.skill_id = s2_0.id where s1_0.name = ? order by s2_0.name
Hibernate: select p1_0.id, p1_0.name from Person as p1_0 where p1_0.id = ?
Hibernate: select s1_0.id, s1_0.name from Skill as s1_0 where s1_0.id = ?
Hibernate: select p1_0.id, p1_0.name from Person as p1_0 where p1_0.id = ?
Hibernate: select s1_0.id, s1_0.name from Skill as s1_0 where s1_0.id = ?
]]></system-out>
  </testcase>
  <testcase name="findAllRankingsEmptySet" classname="com.hibernate.project.application.FindAllRankingTest" time="0.016">
    <system-out><![CDATA[Hibernate: select r1_0.id, r1_0.observer_id, r1_0.ranking, r1_0.skill_id, r1_0.subject_id from Ranking as r1_0 left outer join Person as s1_0 on r1_0.subject_id = s1_0.id left outer join Skill as s2_0 on r1_0.skill_id = s2_0.id where s1_0.name = ? and s2_0.name = ?
Hibernate: select r1_0.id, r1_0.observer_id, r1_0.ranking, r1_0.skill_id, r1_0.subject_id from Ranking as r1_0 left outer join Person as s1_0 on r1_0.subject_id = s1_0.id left outer join Skill as s2_0 on r1_0.skill_id = s2_0.id where s1_0.name = ? and s2_0.name = ?
Hibernate: select r1_0.id, r1_0.observer_id, r1_0.ranking, r1_0.skill_id, r1_0.subject_id from Ranking as r1_0 left outer join Person as s1_0 on r1_0.subject_id = s1_0.id left outer join Skill as s2_0 on r1_0.skill_id = s2_0.id where s1_0.name = ? order by s2_0.name
]]></system-out>
  </testcase>
  <testcase name="validateRankingAverage" classname="com.hibernate.project.application.FindAverageRankingTest" time="0.05">
    <system-out><![CDATA[Hibernate: select p1_0.id, p1_0.name from Person as p1_0 where p1_0.name = ?
Hibernate: insert into Person (id, name) values (null, ?)
Hibernate: select p1_0.id, p1_0.name from Person as p1_0 where p1_0.name = ?
Hibernate: insert into Person (id, name) values (null, ?)
Hibernate: select s1_0.id, s1_0.name from Skill as s1_0 where s1_0.name = ?
Hibernate: insert into Skill (name, id) values (?, ?)
Hibernate: insert into Ranking (observer_id, ranking, skill_id, subject_id, id) values (?, ?, ?, ?, ?)
Hibernate: select p1_0.id, p1_0.name from Person as p1_0 where p1_0.name = ?
Hibernate: select p1_0.id, p1_0.name from Person as p1_0 where p1_0.name = ?
Hibernate: select s1_0.id, s1_0.name from Skill as s1_0 where s1_0.name = ?
Hibernate: insert into Ranking (observer_id, ranking, skill_id, subject_id, id) values (?, ?, ?, ?, ?)
Hibernate: select p1_0.id, p1_0.name from Person as p1_0 where p1_0.name = ?
Hibernate: select p1_0.id, p1_0.name from Person as p1_0 where p1_0.name = ?
Hibernate: select s1_0.id, s1_0.name from Skill as s1_0 where s1_0.name = ?
Hibernate: insert into Ranking (observer_id, ranking, skill_id, subject_id, id) values (?, ?, ?, ?, ?)
Hibernate: select r1_0.id, r1_0.observer_id, r1_0.ranking, r1_0.skill_id, r1_0.subject_id from Ranking as r1_0 left outer join Person as s1_0 on r1_0.subject_id = s1_0.id left outer join Skill as s2_0 on r1_0.skill_id = s2_0.id where s1_0.name = ? and s2_0.name = ?
Hibernate: select p1_0.id, p1_0.name from Person as p1_0 where p1_0.id = ?
Hibernate: select s1_0.id, s1_0.name from Skill as s1_0 where s1_0.id = ?
Hibernate: select p1_0.id, p1_0.name from Person as p1_0 where p1_0.id = ?
Hibernate: select p1_0.id, p1_0.name from Person as p1_0 where p1_0.name = ?
Hibernate: select p1_0.id, p1_0.name from Person as p1_0 where p1_0.name = ?
Hibernate: select s1_0.id, s1_0.name from Skill as s1_0 where s1_0.name = ?
Hibernate: insert into Ranking (observer_id, ranking, skill_id, subject_id, id) values (?, ?, ?, ?, ?)
Hibernate: select p1_0.id, p1_0.name from Person as p1_0 where p1_0.name = ?
Hibernate: select p1_0.id, p1_0.name from Person as p1_0 where p1_0.name = ?
Hibernate: select s1_0.id, s1_0.name from Skill as s1_0 where s1_0.name = ?
Hibernate: insert into Ranking (observer_id, ranking, skill_id, subject_id, id) values (?, ?, ?, ?, ?)
Hibernate: select r1_0.id, r1_0.observer_id, r1_0.ranking, r1_0.skill_id, r1_0.subject_id from Ranking as r1_0 left outer join Person as s1_0 on r1_0.subject_id = s1_0.id left outer join Skill as s2_0 on r1_0.skill_id = s2_0.id where s1_0.name = ? and s2_0.name = ?
Hibernate: select p1_0.id, p1_0.name from Person as p1_0 where p1_0.id = ?
Hibernate: select s1_0.id, s1_0.name from Skill as s1_0 where s1_0.id = ?
Hibernate: select p1_0.id, p1_0.name from Person as p1_0 where p1_0.id = ?
]]></system-out>
  </testcase>
  <testcase name="findBestForNonexistentSkill" classname="com.hibernate.project.application.FindBestRankingTest" time="0.035">
    <system-out><![CDATA[Hibernate: select s1_0.name, avg(r1_0.ranking) from Ranking as r1_0 left outer join Person as s1_0 on r1_0.subject_id = s1_0.id left outer join Skill as s2_0 on r1_0.skill_id = s2_0.id where s2_0.name = ? group by s1_0.name order by avg(r1_0.ranking) desc fetch first ? rows only
]]></system-out>
  </testcase>
  <testcase name="findBestForSkill" classname="com.hibernate.project.application.FindBestRankingTest" time="0.082">
    <system-out><![CDATA[Hibernate: select p1_0.id, p1_0.name from Person as p1_0 where p1_0.name = ?
Hibernate: insert into Person (id, name) values (null, ?)
Hibernate: select p1_0.id, p1_0.name from Person as p1_0 where p1_0.name = ?
Hibernate: insert into Person (id, name) values (null, ?)
Hibernate: select s1_0.id, s1_0.name from Skill as s1_0 where s1_0.name = ?
Hibernate: insert into Skill (name, id) values (?, ?)
Hibernate: insert into Ranking (observer_id, ranking, skill_id, subject_id, id) values (?, ?, ?, ?, ?)
Hibernate: select p1_0.id, p1_0.name from Person as p1_0 where p1_0.name = ?
Hibernate: select p1_0.id, p1_0.name from Person as p1_0 where p1_0.name = ?
Hibernate: insert into Person (id, name) values (null, ?)
Hibernate: select s1_0.id, s1_0.name from Skill as s1_0 where s1_0.name = ?
Hibernate: insert into Ranking (observer_id, ranking, skill_id, subject_id, id) values (?, ?, ?, ?, ?)
Hibernate: select p1_0.id, p1_0.name from Person as p1_0 where p1_0.name = ?
Hibernate: insert into Person (id, name) values (null, ?)
Hibernate: select p1_0.id, p1_0.name from Person as p1_0 where p1_0.name = ?
Hibernate: select s1_0.id, s1_0.name from Skill as s1_0 where s1_0.name = ?
Hibernate: insert into Ranking (observer_id, ranking, skill_id, subject_id, id) values (?, ?, ?, ?, ?)
Hibernate: select p1_0.id, p1_0.name from Person as p1_0 where p1_0.name = ?
Hibernate: select p1_0.id, p1_0.name from Person as p1_0 where p1_0.name = ?
Hibernate: select s1_0.id, s1_0.name from Skill as s1_0 where s1_0.name = ?
Hibernate: insert into Ranking (observer_id, ranking, skill_id, subject_id, id) values (?, ?, ?, ?, ?)
Hibernate: select p1_0.id, p1_0.name from Person as p1_0 where p1_0.name = ?
Hibernate: insert into Person (id, name) values (null, ?)
Hibernate: select p1_0.id, p1_0.name from Person as p1_0 where p1_0.name = ?
Hibernate: select s1_0.id, s1_0.name from Skill as s1_0 where s1_0.name = ?
Hibernate: insert into Ranking (observer_id, ranking, skill_id, subject_id, id) values (?, ?, ?, ?, ?)
Hibernate: select p1_0.id, p1_0.name from Person as p1_0 where p1_0.name = ?
Hibernate: select p1_0.id, p1_0.name from Person as p1_0 where p1_0.name = ?
Hibernate: select s1_0.id, s1_0.name from Skill as s1_0 where s1_0.name = ?
Hibernate: insert into Ranking (observer_id, ranking, skill_id, subject_id, id) values (?, ?, ?, ?, ?)
Hibernate: select p1_0.id, p1_0.name from Person as p1_0 where p1_0.name = ?
Hibernate: select p1_0.id, p1_0.name from Person as p1_0 where p1_0.name = ?
Hibernate: select s1_0.id, s1_0.name from Skill as s1_0 where s1_0.name = ?
Hibernate: insert into Skill (name, id) values (?, ?)
Hibernate: insert into Ranking (observer_id, ranking, skill_id, subject_id, id) values (?, ?, ?, ?, ?)
Hibernate: select s1_0.name, avg(r1_0.ranking) from Ranking as r1_0 left outer join Person as s1_0 on r1_0.subject_id = s1_0.id left outer join Skill as s2_0 on r1_0.skill_id = s2_0.id where s2_0.name = ? group by s1_0.name order by avg(r1_0.ranking) desc fetch first ? rows only
Hibernate: select p1_0.id, p1_0.name from Person as p1_0 where p1_0.name = ?
]]></system-out>
  </testcase>
  <testcase name="removeNonexistRanking" classname="com.hibernate.project.application.RemoveRankingTest" time="0.0">
    <system-out><![CDATA[Hibernate: select r1_0.id, r1_0.observer_id, r1_0.ranking, r1_0.skill_id, r1_0.subject_id from Ranking as r1_0 left outer join Person as o1_0 on r1_0.observer_id = o1_0.id left outer join Person as s1_0 on r1_0.subject_id = s1_0.id left outer join Skill as s2_0 on r1_0.skill_id = s2_0.id where s1_0.name = ? and o1_0.name = ? and s2_0.name = ?
]]></system-out>
  </testcase>
  <testcase name="removeRanking" classname="com.hibernate.project.application.RemoveRankingTest" time="0.032">
    <system-out><![CDATA[Hibernate: select p1_0.id, p1_0.name from Person as p1_0 where p1_0.name = ?
Hibernate: insert into Person (id, name) values (null, ?)
Hibernate: select p1_0.id, p1_0.name from Person as p1_0 where p1_0.name = ?
Hibernate: insert into Person (id, name) values (null, ?)
Hibernate: select s1_0.id, s1_0.name from Skill as s1_0 where s1_0.name = ?
Hibernate: insert into Skill (name, id) values (?, ?)
Hibernate: insert into Ranking (observer_id, ranking, skill_id, subject_id, id) values (?, ?, ?, ?, ?)
Hibernate: select r1_0.id, r1_0.observer_id, r1_0.ranking, r1_0.skill_id, r1_0.subject_id from Ranking as r1_0 left outer join Person as s1_0 on r1_0.subject_id = s1_0.id left outer join Skill as s2_0 on r1_0.skill_id = s2_0.id where s1_0.name = ? and s2_0.name = ?
Hibernate: select p1_0.id, p1_0.name from Person as p1_0 where p1_0.id = ?
Hibernate: select s1_0.id, s1_0.name from Skill as s1_0 where s1_0.id = ?
Hibernate: select p1_0.id, p1_0.name from Person as p1_0 where p1_0.id = ?
Hibernate: select r1_0.id, r1_0.observer_id, r1_0.ranking, r1_0.skill_id, r1_0.subject_id from Ranking as r1_0 left outer join Person as o1_0 on r1_0.observer_id = o1_0.id left outer join Person as s1_0 on r1_0.subject_id = s1_0.id left outer join Skill as s2_0 on r1_0.skill_id = s2_0.id where s1_0.name = ? and o1_0.name = ? and s2_0.name = ?
Hibernate: select p1_0.id, p1_0.name from Person as p1_0 where p1_0.id = ?
Hibernate: select s1_0.id, s1_0.name from Skill as s1_0 where s1_0.id = ?
Hibernate: select p1_0.id, p1_0.name from Person as p1_0 where p1_0.id = ?
Hibernate: delete from Ranking where id=?
Hibernate: select r1_0.id, r1_0.observer_id, r1_0.ranking, r1_0.skill_id, r1_0.subject_id from Ranking as r1_0 left outer join Person as s1_0 on r1_0.subject_id = s1_0.id left outer join Skill as s2_0 on r1_0.skill_id = s2_0.id where s1_0.name = ? and s2_0.name = ?
]]></system-out>
  </testcase>
  <testcase name="updateExistingRanking" classname="com.hibernate.project.application.UpdateRankingTest" time="0.05">
    <system-out><![CDATA[Hibernate: select p1_0.id, p1_0.name from Person as p1_0 where p1_0.name = ?
Hibernate: insert into Person (id, name) values (null, ?)
Hibernate: select p1_0.id, p1_0.name from Person as p1_0 where p1_0.name = ?
Hibernate: insert into Person (id, name) values (null, ?)
Hibernate: select s1_0.id, s1_0.name from Skill as s1_0 where s1_0.name = ?
Hibernate: insert into Skill (name, id) values (?, ?)
Hibernate: insert into Ranking (observer_id, ranking, skill_id, subject_id, id) values (?, ?, ?, ?, ?)
Hibernate: select r1_0.id, r1_0.observer_id, r1_0.ranking, r1_0.skill_id, r1_0.subject_id from Ranking as r1_0 left outer join Person as s1_0 on r1_0.subject_id = s1_0.id left outer join Skill as s2_0 on r1_0.skill_id = s2_0.id where s1_0.name = ? and s2_0.name = ?
Hibernate: select p1_0.id, p1_0.name from Person as p1_0 where p1_0.id = ?
Hibernate: select s1_0.id, s1_0.name from Skill as s1_0 where s1_0.id = ?
Hibernate: select p1_0.id, p1_0.name from Person as p1_0 where p1_0.id = ?
Hibernate: select r1_0.id, r1_0.observer_id, r1_0.ranking, r1_0.skill_id, r1_0.subject_id from Ranking as r1_0 left outer join Person as o1_0 on r1_0.observer_id = o1_0.id left outer join Person as s1_0 on r1_0.subject_id = s1_0.id left outer join Skill as s2_0 on r1_0.skill_id = s2_0.id where s1_0.name = ? and o1_0.name = ? and s2_0.name = ?
Hibernate: select p1_0.id, p1_0.name from Person as p1_0 where p1_0.id = ?
Hibernate: select s1_0.id, s1_0.name from Skill as s1_0 where s1_0.id = ?
Hibernate: select p1_0.id, p1_0.name from Person as p1_0 where p1_0.id = ?
Hibernate: update Ranking set observer_id=?, ranking=?, skill_id=?, subject_id=? where id=?
Hibernate: select r1_0.id, r1_0.observer_id, r1_0.ranking, r1_0.skill_id, r1_0.subject_id from Ranking as r1_0 left outer join Person as s1_0 on r1_0.subject_id = s1_0.id left outer join Skill as s2_0 on r1_0.skill_id = s2_0.id where s1_0.name = ? and s2_0.name = ?
Hibernate: select p1_0.id, p1_0.name from Person as p1_0 where p1_0.id = ?
Hibernate: select s1_0.id, s1_0.name from Skill as s1_0 where s1_0.id = ?
Hibernate: select p1_0.id, p1_0.name from Person as p1_0 where p1_0.id = ?
]]></system-out>
  </testcase>
  <testcase name="updateNonexistingRanking" classname="com.hibernate.project.application.UpdateRankingTest" time="0.0">
    <system-out><![CDATA[Hibernate: select r1_0.id, r1_0.observer_id, r1_0.ranking, r1_0.skill_id, r1_0.subject_id from Ranking as r1_0 left outer join Person as s1_0 on r1_0.subject_id = s1_0.id left outer join Skill as s2_0 on r1_0.skill_id = s2_0.id where s1_0.name = ? and s2_0.name = ?
Hibernate: select r1_0.id, r1_0.observer_id, r1_0.ranking, r1_0.skill_id, r1_0.subject_id from Ranking as r1_0 left outer join Person as o1_0 on r1_0.observer_id = o1_0.id left outer join Person as s1_0 on r1_0.subject_id = s1_0.id left outer join Skill as s2_0 on r1_0.skill_id = s2_0.id where s1_0.name = ? and o1_0.name = ? and s2_0.name = ?
Hibernate: select p1_0.id, p1_0.name from Person as p1_0 where p1_0.id = ?
Hibernate: select s1_0.id, s1_0.name from Skill as s1_0 where s1_0.id = ?
Hibernate: select p1_0.id, p1_0.name from Person as p1_0 where p1_0.id = ?
Hibernate: select r1_0.id, r1_0.observer_id, r1_0.ranking, r1_0.skill_id, r1_0.subject_id from Ranking as r1_0 left outer join Person as s1_0 on r1_0.subject_id = s1_0.id left outer join Skill as s2_0 on r1_0.skill_id = s2_0.id where s1_0.name = ? and s2_0.name = ?
Hibernate: select p1_0.id, p1_0.name from Person as p1_0 where p1_0.id = ?
Hibernate: select s1_0.id, s1_0.name from Skill as s1_0 where s1_0.id = ?
Hibernate: select p1_0.id, p1_0.name from Person as p1_0 where p1_0.id = ?
]]></system-out>
  </testcase>
  <testcase name="changeRanking" classname="com.hibernate.project.PersonTest" time="0.038">
    <system-out><![CDATA[Hibernate: drop table if exists Person cascade 
Hibernate: drop table if exists Ranking cascade 
Hibernate: drop table if exists Skill cascade 
Hibernate: drop sequence if exists Ranking_SEQ
Hibernate: drop sequence if exists Skill_SEQ
Hibernate: create sequence Ranking_SEQ start with 1 increment by 50
Hibernate: create sequence Skill_SEQ start with 1 increment by 50
Hibernate: create table Person (id bigint generated by default as identity, name varchar(255), primary key (id))
Hibernate: create table Ranking (id bigint not null, ranking integer, observer_id bigint, skill_id bigint, subject_id bigint, primary key (id))
Hibernate: create table Skill (id bigint not null, name varchar(255), primary key (id))
Hibernate: alter table if exists Person add constraint UK_is4vd0f6kw9sw4dxyie5cy9fa unique (name)
Hibernate: alter table if exists Ranking add constraint FKive1infoo3bhngyyh21wpjowd foreign key (observer_id) references Person
Hibernate: alter table if exists Ranking add constraint FK4k8xflg6vgtx54xdi3l86oxv3 foreign key (skill_id) references Skill
Hibernate: alter table if exists Ranking add constraint FKco74nphdiivkvnlujo211y2s9 foreign key (subject_id) references Person
Hibernate: select p1_0.id, p1_0.name from Person as p1_0 where p1_0.name = ?
Hibernate: insert into Person (id, name) values (null, ?)
Hibernate: select p1_0.id, p1_0.name from Person as p1_0 where p1_0.name = ?
Hibernate: insert into Person (id, name) values (null, ?)
Hibernate: select s1_0.id, s1_0.name from Skill as s1_0 where s1_0.name = ?
Hibernate: call next value for Skill_SEQ
Hibernate: call next value for Skill_SEQ
Hibernate: call next value for Ranking_SEQ
Hibernate: call next value for Ranking_SEQ
Hibernate: select p1_0.id, p1_0.name from Person as p1_0 where p1_0.name = ?
Hibernate: select p1_0.id, p1_0.name from Person as p1_0 where p1_0.name = ?
Hibernate: insert into Skill (name, id) values (?, ?)
Hibernate: insert into Ranking (observer_id, ranking, skill_id, subject_id, id) values (?, ?, ?, ?, ?)
Hibernate: insert into Person (id, name) values (null, ?)
Hibernate: select s1_0.id, s1_0.name from Skill as s1_0 where s1_0.name = ?
Hibernate: select p1_0.id, p1_0.name from Person as p1_0 where p1_0.name = ?
Hibernate: select p1_0.id, p1_0.name from Person as p1_0 where p1_0.name = ?
Hibernate: insert into Ranking (observer_id, ranking, skill_id, subject_id, id) values (?, ?, ?, ?, ?)
Hibernate: insert into Person (id, name) values (null, ?)
Hibernate: select s1_0.id, s1_0.name from Skill as s1_0 where s1_0.name = ?
Hibernate: insert into Ranking (observer_id, ranking, skill_id, subject_id, id) values (?, ?, ?, ?, ?)
Hibernate: select r1_0.id, r1_0.observer_id, r1_0.ranking, r1_0.skill_id, r1_0.subject_id from Ranking as r1_0 left outer join Person as o1_0 on r1_0.observer_id = o1_0.id left outer join Person as s1_0 on r1_0.subject_id = s1_0.id left outer join Skill as s2_0 on r1_0.skill_id = s2_0.id where s1_0.name = ? and o1_0.name = ? and s2_0.name = ?
Hibernate: select p1_0.id, p1_0.name from Person as p1_0 where p1_0.id = ?
Hibernate: select s1_0.id, s1_0.name from Skill as s1_0 where s1_0.id = ?
Hibernate: select p1_0.id, p1_0.name from Person as p1_0 where p1_0.id = ?
Hibernate: update Ranking set observer_id=?, ranking=?, skill_id=?, subject_id=? where id=?
Hibernate: select r1_0.id, r1_0.observer_id, r1_0.ranking, r1_0.skill_id, r1_0.subject_id from Ranking as r1_0 left outer join Person as s1_0 on r1_0.subject_id = s1_0.id left outer join Skill as s2_0 on r1_0.skill_id = s2_0.id where s1_0.name = ? and s2_0.name = ?
Hibernate: select p1_0.id, p1_0.name from Person as p1_0 where p1_0.id = ?
Hibernate: select s1_0.id, s1_0.name from Skill as s1_0 where s1_0.id = ?
Hibernate: select p1_0.id, p1_0.name from Person as p1_0 where p1_0.id = ?
Hibernate: select p1_0.id, p1_0.name from Person as p1_0 where p1_0.id = ?
Hibernate: select p1_0.id, p1_0.name from Person as p1_0 where p1_0.id = ?
]]></system-out>
  </testcase>
  <testcase name="removeRanking" classname="com.hibernate.project.PersonTest" time="0.03">
    <system-out><![CDATA[Hibernate: drop table if exists Person cascade 
Hibernate: drop table if exists Ranking cascade 
Hibernate: drop table if exists Skill cascade 
Hibernate: drop sequence if exists Ranking_SEQ
Hibernate: drop sequence if exists Skill_SEQ
Hibernate: drop table if exists Person cascade 
Hibernate: drop table if exists Ranking cascade 
Hibernate: drop table if exists Skill cascade 
Hibernate: drop sequence if exists Ranking_SEQ
Hibernate: drop sequence if exists Skill_SEQ
Hibernate: create sequence Ranking_SEQ start with 1 increment by 50
Hibernate: create sequence Skill_SEQ start with 1 increment by 50
Hibernate: create table Person (id bigint generated by default as identity, name varchar(255), primary key (id))
Hibernate: create table Ranking (id bigint not null, ranking integer, observer_id bigint, skill_id bigint, subject_id bigint, primary key (id))
Hibernate: create table Skill (id bigint not null, name varchar(255), primary key (id))
Hibernate: alter table if exists Person add constraint UK_is4vd0f6kw9sw4dxyie5cy9fa unique (name)
Hibernate: alter table if exists Ranking add constraint FKive1infoo3bhngyyh21wpjowd foreign key (observer_id) references Person
Hibernate: alter table if exists Ranking add constraint FK4k8xflg6vgtx54xdi3l86oxv3 foreign key (skill_id) references Skill
Hibernate: alter table if exists Ranking add constraint FKco74nphdiivkvnlujo211y2s9 foreign key (subject_id) references Person
Hibernate: select p1_0.id, p1_0.name from Person as p1_0 where p1_0.name = ?
Hibernate: insert into Person (id, name) values (null, ?)
Hibernate: select p1_0.id, p1_0.name from Person as p1_0 where p1_0.name = ?
Hibernate: insert into Person (id, name) values (null, ?)
Hibernate: select s1_0.id, s1_0.name from Skill as s1_0 where s1_0.name = ?
Hibernate: call next value for Skill_SEQ
Hibernate: call next value for Skill_SEQ
Hibernate: call next value for Ranking_SEQ
Hibernate: call next value for Ranking_SEQ
Hibernate: select p1_0.id, p1_0.name from Person as p1_0 where p1_0.name = ?
Hibernate: select p1_0.id, p1_0.name from Person as p1_0 where p1_0.name = ?
Hibernate: insert into Skill (name, id) values (?, ?)
Hibernate: insert into Ranking (observer_id, ranking, skill_id, subject_id, id) values (?, ?, ?, ?, ?)
Hibernate: insert into Person (id, name) values (null, ?)
Hibernate: select s1_0.id, s1_0.name from Skill as s1_0 where s1_0.name = ?
Hibernate: select p1_0.id, p1_0.name from Person as p1_0 where p1_0.name = ?
Hibernate: select p1_0.id, p1_0.name from Person as p1_0 where p1_0.name = ?
Hibernate: insert into Ranking (observer_id, ranking, skill_id, subject_id, id) values (?, ?, ?, ?, ?)
Hibernate: insert into Person (id, name) values (null, ?)
Hibernate: select s1_0.id, s1_0.name from Skill as s1_0 where s1_0.name = ?
Hibernate: insert into Ranking (observer_id, ranking, skill_id, subject_id, id) values (?, ?, ?, ?, ?)
Hibernate: select r1_0.id, r1_0.observer_id, r1_0.ranking, r1_0.skill_id, r1_0.subject_id from Ranking as r1_0 left outer join Person as o1_0 on r1_0.observer_id = o1_0.id left outer join Person as s1_0 on r1_0.subject_id = s1_0.id left outer join Skill as s2_0 on r1_0.skill_id = s2_0.id where s1_0.name = ? and o1_0.name = ? and s2_0.name = ?
Hibernate: select p1_0.id, p1_0.name from Person as p1_0 where p1_0.id = ?
Hibernate: select s1_0.id, s1_0.name from Skill as s1_0 where s1_0.id = ?
Hibernate: select p1_0.id, p1_0.name from Person as p1_0 where p1_0.id = ?
Hibernate: delete from Ranking where id=?
Hibernate: select r1_0.id, r1_0.observer_id, r1_0.ranking, r1_0.skill_id, r1_0.subject_id from Ranking as r1_0 left outer join Person as s1_0 on r1_0.subject_id = s1_0.id left outer join Skill as s2_0 on r1_0.skill_id = s2_0.id where s1_0.name = ? and s2_0.name = ?
Hibernate: select p1_0.id, p1_0.name from Person as p1_0 where p1_0.id = ?
Hibernate: select s1_0.id, s1_0.name from Skill as s1_0 where s1_0.id = ?
Hibernate: select p1_0.id, p1_0.name from Person as p1_0 where p1_0.id = ?
Hibernate: select p1_0.id, p1_0.name from Person as p1_0 where p1_0.id = ?
]]></system-out>
  </testcase>
  <testcase name="testRankings" classname="com.hibernate.project.PersonTest" time="0.031">
    <system-out><![CDATA[Hibernate: drop table if exists Person cascade 
Hibernate: drop table if exists Ranking cascade 
Hibernate: drop table if exists Skill cascade 
Hibernate: drop sequence if exists Ranking_SEQ
Hibernate: drop sequence if exists Skill_SEQ
Hibernate: drop table if exists Person cascade 
Hibernate: drop table if exists Ranking cascade 
Hibernate: drop table if exists Skill cascade 
Hibernate: drop sequence if exists Ranking_SEQ
Hibernate: drop sequence if exists Skill_SEQ
Hibernate: create sequence Ranking_SEQ start with 1 increment by 50
Hibernate: create sequence Skill_SEQ start with 1 increment by 50
Hibernate: create table Person (id bigint generated by default as identity, name varchar(255), primary key (id))
Hibernate: create table Ranking (id bigint not null, ranking integer, observer_id bigint, skill_id bigint, subject_id bigint, primary key (id))
Hibernate: create table Skill (id bigint not null, name varchar(255), primary key (id))
Hibernate: alter table if exists Person add constraint UK_is4vd0f6kw9sw4dxyie5cy9fa unique (name)
Hibernate: alter table if exists Ranking add constraint FKive1infoo3bhngyyh21wpjowd foreign key (observer_id) references Person
Hibernate: alter table if exists Ranking add constraint FK4k8xflg6vgtx54xdi3l86oxv3 foreign key (skill_id) references Skill
Hibernate: alter table if exists Ranking add constraint FKco74nphdiivkvnlujo211y2s9 foreign key (subject_id) references Person
Hibernate: select p1_0.id, p1_0.name from Person as p1_0 where p1_0.name = ?
Hibernate: insert into Person (id, name) values (null, ?)
Hibernate: select p1_0.id, p1_0.name from Person as p1_0 where p1_0.name = ?
Hibernate: insert into Person (id, name) values (null, ?)
Hibernate: select s1_0.id, s1_0.name from Skill as s1_0 where s1_0.name = ?
Hibernate: call next value for Skill_SEQ
Hibernate: call next value for Skill_SEQ
Hibernate: call next value for Ranking_SEQ
Hibernate: call next value for Ranking_SEQ
Hibernate: select p1_0.id, p1_0.name from Person as p1_0 where p1_0.name = ?
Hibernate: select p1_0.id, p1_0.name from Person as p1_0 where p1_0.name = ?
Hibernate: insert into Skill (name, id) values (?, ?)
Hibernate: insert into Ranking (observer_id, ranking, skill_id, subject_id, id) values (?, ?, ?, ?, ?)
Hibernate: insert into Person (id, name) values (null, ?)
Hibernate: select s1_0.id, s1_0.name from Skill as s1_0 where s1_0.name = ?
Hibernate: select p1_0.id, p1_0.name from Person as p1_0 where p1_0.name = ?
Hibernate: select p1_0.id, p1_0.name from Person as p1_0 where p1_0.name = ?
Hibernate: insert into Ranking (observer_id, ranking, skill_id, subject_id, id) values (?, ?, ?, ?, ?)
Hibernate: insert into Person (id, name) values (null, ?)
Hibernate: select s1_0.id, s1_0.name from Skill as s1_0 where s1_0.name = ?
Hibernate: insert into Ranking (observer_id, ranking, skill_id, subject_id, id) values (?, ?, ?, ?, ?)
Hibernate: select r1_0.id, r1_0.observer_id, r1_0.ranking, r1_0.skill_id, r1_0.subject_id from Ranking as r1_0 left outer join Person as s1_0 on r1_0.subject_id = s1_0.id left outer join Skill as s2_0 on r1_0.skill_id = s2_0.id where s1_0.name = ? and s2_0.name = ?
Hibernate: select p1_0.id, p1_0.name from Person as p1_0 where p1_0.id = ?
Hibernate: select s1_0.id, s1_0.name from Skill as s1_0 where s1_0.id = ?
Hibernate: select p1_0.id, p1_0.name from Person as p1_0 where p1_0.id = ?
Hibernate: select p1_0.id, p1_0.name from Person as p1_0 where p1_0.id = ?
Hibernate: select p1_0.id, p1_0.name from Person as p1_0 where p1_0.id = ?
]]></system-out>
  </testcase>
  <testcase name="testSavePerson" classname="com.hibernate.project.PersonTest" time="0.0">
    <system-out><![CDATA[Hibernate: drop table if exists Person cascade 
Hibernate: drop table if exists Ranking cascade 
Hibernate: drop table if exists Skill cascade 
Hibernate: drop sequence if exists Ranking_SEQ
Hibernate: drop sequence if exists Skill_SEQ
Hibernate: drop table if exists Person cascade 
Hibernate: drop table if exists Ranking cascade 
Hibernate: drop table if exists Skill cascade 
Hibernate: drop sequence if exists Ranking_SEQ
Hibernate: drop sequence if exists Skill_SEQ
Hibernate: create sequence Ranking_SEQ start with 1 increment by 50
Hibernate: create sequence Skill_SEQ start with 1 increment by 50
Hibernate: create table Person (id bigint generated by default as identity, name varchar(255), primary key (id))
Hibernate: create table Ranking (id bigint not null, ranking integer, observer_id bigint, skill_id bigint, subject_id bigint, primary key (id))
Hibernate: create table Skill (id bigint not null, name varchar(255), primary key (id))
Hibernate: alter table if exists Person add constraint UK_is4vd0f6kw9sw4dxyie5cy9fa unique (name)
Hibernate: alter table if exists Ranking add constraint FKive1infoo3bhngyyh21wpjowd foreign key (observer_id) references Person
Hibernate: alter table if exists Ranking add constraint FK4k8xflg6vgtx54xdi3l86oxv3 foreign key (skill_id) references Skill
Hibernate: alter table if exists Ranking add constraint FKco74nphdiivkvnlujo211y2s9 foreign key (subject_id) references Person
Hibernate: insert into Person (id, name) values (null, ?)
]]></system-out>
  </testcase>
  <testcase name="testSaveRanking" classname="com.hibernate.project.PersonTest" time="0.006">
    <system-out><![CDATA[Hibernate: drop table if exists Person cascade 
Hibernate: drop table if exists Ranking cascade 
Hibernate: drop table if exists Skill cascade 
Hibernate: drop sequence if exists Ranking_SEQ
Hibernate: drop sequence if exists Skill_SEQ
Hibernate: drop table if exists Person cascade 
Hibernate: drop table if exists Ranking cascade 
Hibernate: drop table if exists Skill cascade 
Hibernate: drop sequence if exists Ranking_SEQ
Hibernate: drop sequence if exists Skill_SEQ
Hibernate: create sequence Ranking_SEQ start with 1 increment by 50
Hibernate: create sequence Skill_SEQ start with 1 increment by 50
Hibernate: create table Person (id bigint generated by default as identity, name varchar(255), primary key (id))
Hibernate: create table Ranking (id bigint not null, ranking integer, observer_id bigint, skill_id bigint, subject_id bigint, primary key (id))
Hibernate: create table Skill (id bigint not null, name varchar(255), primary key (id))
Hibernate: alter table if exists Person add constraint UK_is4vd0f6kw9sw4dxyie5cy9fa unique (name)
Hibernate: alter table if exists Ranking add constraint FKive1infoo3bhngyyh21wpjowd foreign key (observer_id) references Person
Hibernate: alter table if exists Ranking add constraint FK4k8xflg6vgtx54xdi3l86oxv3 foreign key (skill_id) references Skill
Hibernate: alter table if exists Ranking add constraint FKco74nphdiivkvnlujo211y2s9 foreign key (subject_id) references Person
Hibernate: select p1_0.id, p1_0.name from Person as p1_0 where p1_0.name = ?
Hibernate: insert into Person (id, name) values (null, ?)
Hibernate: select p1_0.id, p1_0.name from Person as p1_0 where p1_0.name = ?
Hibernate: insert into Person (id, name) values (null, ?)
Hibernate: select s1_0.id, s1_0.name from Skill as s1_0 where s1_0.name = ?
Hibernate: call next value for Skill_SEQ
Hibernate: call next value for Skill_SEQ
Hibernate: call next value for Ranking_SEQ
Hibernate: call next value for Ranking_SEQ
Hibernate: insert into Skill (name, id) values (?, ?)
Hibernate: insert into Ranking (observer_id, ranking, skill_id, subject_id, id) values (?, ?, ?, ?, ?)
]]></system-out>
  </testcase>
  <testcase name="changeRanking" classname="com.hibernate.project.RankingTest" time="0.019">
    <system-out><![CDATA[Hibernate: drop table if exists Person cascade 
Hibernate: drop table if exists Ranking cascade 
Hibernate: drop table if exists Skill cascade 
Hibernate: drop sequence if exists Ranking_SEQ
Hibernate: drop sequence if exists Skill_SEQ
Hibernate: drop table if exists Person cascade 
Hibernate: drop table if exists Ranking cascade 
Hibernate: drop table if exists Skill cascade 
Hibernate: drop sequence if exists Ranking_SEQ
Hibernate: drop sequence if exists Skill_SEQ
Hibernate: create sequence Ranking_SEQ start with 1 increment by 50
Hibernate: create sequence Skill_SEQ start with 1 increment by 50
Hibernate: create table Person (id bigint generated by default as identity, name varchar(255), primary key (id))
Hibernate: create table Ranking (id bigint not null, ranking integer, observer_id bigint, skill_id bigint, subject_id bigint, primary key (id))
Hibernate: create table Skill (id bigint not null, name varchar(255), primary key (id))
Hibernate: alter table if exists Person add constraint UK_is4vd0f6kw9sw4dxyie5cy9fa unique (name)
Hibernate: alter table if exists Ranking add constraint FKive1infoo3bhngyyh21wpjowd foreign key (observer_id) references Person
Hibernate: alter table if exists Ranking add constraint FK4k8xflg6vgtx54xdi3l86oxv3 foreign key (skill_id) references Skill
Hibernate: alter table if exists Ranking add constraint FKco74nphdiivkvnlujo211y2s9 foreign key (subject_id) references Person
Hibernate: select p1_0.id, p1_0.name from Person as p1_0 where p1_0.name = ?
Hibernate: insert into Person (id, name) values (null, ?)
Hibernate: select p1_0.id, p1_0.name from Person as p1_0 where p1_0.name = ?
Hibernate: insert into Person (id, name) values (null, ?)
Hibernate: select s1_0.id, s1_0.name from Skill as s1_0 where s1_0.name = ?
Hibernate: call next value for Skill_SEQ
Hibernate: call next value for Skill_SEQ
Hibernate: call next value for Ranking_SEQ
Hibernate: call next value for Ranking_SEQ
Hibernate: select p1_0.id, p1_0.name from Person as p1_0 where p1_0.name = ?
Hibernate: select p1_0.id, p1_0.name from Person as p1_0 where p1_0.name = ?
Hibernate: insert into Skill (name, id) values (?, ?)
Hibernate: insert into Ranking (observer_id, ranking, skill_id, subject_id, id) values (?, ?, ?, ?, ?)
Hibernate: insert into Person (id, name) values (null, ?)
Hibernate: select s1_0.id, s1_0.name from Skill as s1_0 where s1_0.name = ?
Hibernate: select p1_0.id, p1_0.name from Person as p1_0 where p1_0.name = ?
Hibernate: select p1_0.id, p1_0.name from Person as p1_0 where p1_0.name = ?
Hibernate: insert into Ranking (observer_id, ranking, skill_id, subject_id, id) values (?, ?, ?, ?, ?)
Hibernate: insert into Person (id, name) values (null, ?)
Hibernate: select s1_0.id, s1_0.name from Skill as s1_0 where s1_0.name = ?
Hibernate: insert into Ranking (observer_id, ranking, skill_id, subject_id, id) values (?, ?, ?, ?, ?)
Hibernate: select r1_0.id, r1_0.observer_id, r1_0.ranking, r1_0.skill_id, r1_0.subject_id from Ranking as r1_0 left outer join Person as o1_0 on r1_0.observer_id = o1_0.id left outer join Person as s1_0 on r1_0.subject_id = s1_0.id left outer join Skill as s2_0 on r1_0.skill_id = s2_0.id where s1_0.name = ? and o1_0.name = ? and s2_0.name = ?
Hibernate: select p1_0.id, p1_0.name from Person as p1_0 where p1_0.id = ?
Hibernate: select s1_0.id, s1_0.name from Skill as s1_0 where s1_0.id = ?
Hibernate: select p1_0.id, p1_0.name from Person as p1_0 where p1_0.id = ?
Hibernate: update Ranking set observer_id=?, ranking=?, skill_id=?, subject_id=? where id=?
]]></system-out>
  </testcase>
  <testcase name="removeRanking" classname="com.hibernate.project.RankingTest" time="0.008">
    <system-out><![CDATA[Hibernate: drop table if exists Person cascade 
Hibernate: drop table if exists Ranking cascade 
Hibernate: drop table if exists Skill cascade 
Hibernate: drop sequence if exists Ranking_SEQ
Hibernate: drop sequence if exists Skill_SEQ
Hibernate: drop table if exists Person cascade 
Hibernate: drop table if exists Ranking cascade 
Hibernate: drop table if exists Skill cascade 
Hibernate: drop sequence if exists Ranking_SEQ
Hibernate: drop sequence if exists Skill_SEQ
Hibernate: create sequence Ranking_SEQ start with 1 increment by 50
Hibernate: create sequence Skill_SEQ start with 1 increment by 50
Hibernate: create table Person (id bigint generated by default as identity, name varchar(255), primary key (id))
Hibernate: create table Ranking (id bigint not null, ranking integer, observer_id bigint, skill_id bigint, subject_id bigint, primary key (id))
Hibernate: create table Skill (id bigint not null, name varchar(255), primary key (id))
Hibernate: alter table if exists Person add constraint UK_is4vd0f6kw9sw4dxyie5cy9fa unique (name)
Hibernate: alter table if exists Ranking add constraint FKive1infoo3bhngyyh21wpjowd foreign key (observer_id) references Person
Hibernate: alter table if exists Ranking add constraint FK4k8xflg6vgtx54xdi3l86oxv3 foreign key (skill_id) references Skill
Hibernate: alter table if exists Ranking add constraint FKco74nphdiivkvnlujo211y2s9 foreign key (subject_id) references Person
Hibernate: select p1_0.id, p1_0.name from Person as p1_0 where p1_0.name = ?
Hibernate: insert into Person (id, name) values (null, ?)
Hibernate: select p1_0.id, p1_0.name from Person as p1_0 where p1_0.name = ?
Hibernate: insert into Person (id, name) values (null, ?)
Hibernate: select s1_0.id, s1_0.name from Skill as s1_0 where s1_0.name = ?
Hibernate: call next value for Skill_SEQ
Hibernate: call next value for Skill_SEQ
Hibernate: call next value for Ranking_SEQ
Hibernate: call next value for Ranking_SEQ
Hibernate: select p1_0.id, p1_0.name from Person as p1_0 where p1_0.name = ?
Hibernate: select p1_0.id, p1_0.name from Person as p1_0 where p1_0.name = ?
Hibernate: insert into Skill (name, id) values (?, ?)
Hibernate: insert into Ranking (observer_id, ranking, skill_id, subject_id, id) values (?, ?, ?, ?, ?)
Hibernate: insert into Person (id, name) values (null, ?)
Hibernate: select s1_0.id, s1_0.name from Skill as s1_0 where s1_0.name = ?
Hibernate: select p1_0.id, p1_0.name from Person as p1_0 where p1_0.name = ?
Hibernate: select p1_0.id, p1_0.name from Person as p1_0 where p1_0.name = ?
Hibernate: insert into Ranking (observer_id, ranking, skill_id, subject_id, id) values (?, ?, ?, ?, ?)
Hibernate: insert into Person (id, name) values (null, ?)
Hibernate: select s1_0.id, s1_0.name from Skill as s1_0 where s1_0.name = ?
Hibernate: insert into Ranking (observer_id, ranking, skill_id, subject_id, id) values (?, ?, ?, ?, ?)
Hibernate: select r1_0.id, r1_0.observer_id, r1_0.ranking, r1_0.skill_id, r1_0.subject_id from Ranking as r1_0 left outer join Person as o1_0 on r1_0.observer_id = o1_0.id left outer join Person as s1_0 on r1_0.subject_id = s1_0.id left outer join Skill as s2_0 on r1_0.skill_id = s2_0.id where s1_0.name = ? and o1_0.name = ? and s2_0.name = ?
Hibernate: select p1_0.id, p1_0.name from Person as p1_0 where p1_0.id = ?
Hibernate: select s1_0.id, s1_0.name from Skill as s1_0 where s1_0.id = ?
Hibernate: select p1_0.id, p1_0.name from Person as p1_0 where p1_0.id = ?
Hibernate: delete from Ranking where id=?
Hibernate: select r1_0.id, r1_0.observer_id, r1_0.ranking, r1_0.skill_id, r1_0.subject_id from Ranking as r1_0 left outer join Person as s1_0 on r1_0.subject_id = s1_0.id left outer join Skill as s2_0 on r1_0.skill_id = s2_0.id where s1_0.name = ? and s2_0.name = ?
Hibernate: select p1_0.id, p1_0.name from Person as p1_0 where p1_0.id = ?
Hibernate: select s1_0.id, s1_0.name from Skill as s1_0 where s1_0.id = ?
Hibernate: select p1_0.id, p1_0.name from Person as p1_0 where p1_0.id = ?
Hibernate: select p1_0.id, p1_0.name from Person as p1_0 where p1_0.id = ?
]]></system-out>
  </testcase>
  <testcase name="testRanking" classname="com.hibernate.project.RankingTest" time="0.005">
    <system-out><![CDATA[Hibernate: drop table if exists Person cascade 
Hibernate: drop table if exists Ranking cascade 
Hibernate: drop table if exists Skill cascade 
Hibernate: drop sequence if exists Ranking_SEQ
Hibernate: drop sequence if exists Skill_SEQ
Hibernate: drop table if exists Person cascade 
Hibernate: drop table if exists Ranking cascade 
Hibernate: drop table if exists Skill cascade 
Hibernate: drop sequence if exists Ranking_SEQ
Hibernate: drop sequence if exists Skill_SEQ
Hibernate: create sequence Ranking_SEQ start with 1 increment by 50
Hibernate: create sequence Skill_SEQ start with 1 increment by 50
Hibernate: create table Person (id bigint generated by default as identity, name varchar(255), primary key (id))
Hibernate: create table Ranking (id bigint not null, ranking integer, observer_id bigint, skill_id bigint, subject_id bigint, primary key (id))
Hibernate: create table Skill (id bigint not null, name varchar(255), primary key (id))
Hibernate: alter table if exists Person add constraint UK_is4vd0f6kw9sw4dxyie5cy9fa unique (name)
Hibernate: alter table if exists Ranking add constraint FKive1infoo3bhngyyh21wpjowd foreign key (observer_id) references Person
Hibernate: alter table if exists Ranking add constraint FK4k8xflg6vgtx54xdi3l86oxv3 foreign key (skill_id) references Skill
Hibernate: alter table if exists Ranking add constraint FKco74nphdiivkvnlujo211y2s9 foreign key (subject_id) references Person
Hibernate: select p1_0.id, p1_0.name from Person as p1_0 where p1_0.name = ?
Hibernate: insert into Person (id, name) values (null, ?)
Hibernate: select p1_0.id, p1_0.name from Person as p1_0 where p1_0.name = ?
Hibernate: insert into Person (id, name) values (null, ?)
Hibernate: select s1_0.id, s1_0.name from Skill as s1_0 where s1_0.name = ?
Hibernate: call next value for Skill_SEQ
Hibernate: call next value for Skill_SEQ
Hibernate: call next value for Ranking_SEQ
Hibernate: call next value for Ranking_SEQ
Hibernate: select p1_0.id, p1_0.name from Person as p1_0 where p1_0.name = ?
Hibernate: select p1_0.id, p1_0.name from Person as p1_0 where p1_0.name = ?
Hibernate: insert into Skill (name, id) values (?, ?)
Hibernate: insert into Ranking (observer_id, ranking, skill_id, subject_id, id) values (?, ?, ?, ?, ?)
Hibernate: insert into Person (id, name) values (null, ?)
Hibernate: select s1_0.id, s1_0.name from Skill as s1_0 where s1_0.name = ?
Hibernate: select p1_0.id, p1_0.name from Person as p1_0 where p1_0.name = ?
Hibernate: select p1_0.id, p1_0.name from Person as p1_0 where p1_0.name = ?
Hibernate: insert into Ranking (observer_id, ranking, skill_id, subject_id, id) values (?, ?, ?, ?, ?)
Hibernate: insert into Person (id, name) values (null, ?)
Hibernate: select s1_0.id, s1_0.name from Skill as s1_0 where s1_0.name = ?
Hibernate: insert into Ranking (observer_id, ranking, skill_id, subject_id, id) values (?, ?, ?, ?, ?)
Hibernate: select r1_0.id, r1_0.observer_id, r1_0.ranking, r1_0.skill_id, r1_0.subject_id from Ranking as r1_0 left outer join Person as s1_0 on r1_0.subject_id = s1_0.id left outer join Skill as s2_0 on r1_0.skill_id = s2_0.id where s1_0.name = ? and s2_0.name = ?
Hibernate: select p1_0.id, p1_0.name from Person as p1_0 where p1_0.id = ?
Hibernate: select s1_0.id, s1_0.name from Skill as s1_0 where s1_0.id = ?
Hibernate: select p1_0.id, p1_0.name from Person as p1_0 where p1_0.id = ?
Hibernate: select p1_0.id, p1_0.name from Person as p1_0 where p1_0.id = ?
Hibernate: select p1_0.id, p1_0.name from Person as p1_0 where p1_0.id = ?
]]></system-out>
  </testcase>
  <testcase name="testSaveRanking" classname="com.hibernate.project.RankingTest" time="0.002">
    <system-out><![CDATA[Hibernate: drop table if exists Person cascade 
Hibernate: drop table if exists Ranking cascade 
Hibernate: drop table if exists Skill cascade 
Hibernate: drop sequence if exists Ranking_SEQ
Hibernate: drop sequence if exists Skill_SEQ
Hibernate: drop table if exists Person cascade 
Hibernate: drop table if exists Ranking cascade 
Hibernate: drop table if exists Skill cascade 
Hibernate: drop sequence if exists Ranking_SEQ
Hibernate: drop sequence if exists Skill_SEQ
Hibernate: create sequence Ranking_SEQ start with 1 increment by 50
Hibernate: create sequence Skill_SEQ start with 1 increment by 50
Hibernate: create table Person (id bigint generated by default as identity, name varchar(255), primary key (id))
Hibernate: create table Ranking (id bigint not null, ranking integer, observer_id bigint, skill_id bigint, subject_id bigint, primary key (id))
Hibernate: create table Skill (id bigint not null, name varchar(255), primary key (id))
Hibernate: alter table if exists Person add constraint UK_is4vd0f6kw9sw4dxyie5cy9fa unique (name)
Hibernate: alter table if exists Ranking add constraint FKive1infoo3bhngyyh21wpjowd foreign key (observer_id) references Person
Hibernate: alter table if exists Ranking add constraint FK4k8xflg6vgtx54xdi3l86oxv3 foreign key (skill_id) references Skill
Hibernate: alter table if exists Ranking add constraint FKco74nphdiivkvnlujo211y2s9 foreign key (subject_id) references Person
Hibernate: select p1_0.id, p1_0.name from Person as p1_0 where p1_0.name = ?
Hibernate: insert into Person (id, name) values (null, ?)
Hibernate: select p1_0.id, p1_0.name from Person as p1_0 where p1_0.name = ?
Hibernate: insert into Person (id, name) values (null, ?)
Hibernate: select s1_0.id, s1_0.name from Skill as s1_0 where s1_0.name = ?
Hibernate: call next value for Skill_SEQ
Hibernate: call next value for Skill_SEQ
Hibernate: insert into Skill (name, id) values (?, ?)
]]></system-out>
  </testcase>
  <testcase name="testModelCreation" classname="com.hibernate.project.simple.ModelTest" time="0.007">
    <system-out><![CDATA[Hibernate: drop table if exists Person cascade 
Hibernate: drop table if exists Ranking cascade 
Hibernate: drop table if exists Skill cascade 
Hibernate: drop sequence if exists Ranking_SEQ
Hibernate: drop sequence if exists Skill_SEQ
Ranking [subject=Person [name=J.C. Smell], observer=Person [name=Drew Lombardo], skill=Skill [name=Java], ranking=8]
]]></system-out>
  </testcase>
  <testcase name="testSessionFacotry" classname="com.hibernate.project.util.SessionBuilderTest" time="0.0"/>
</testsuite>