<?xml version="1.0" encoding="UTF-8"?>
<!-- Generated by org.testng.reporters.JUnitReportReporter -->
<testsuite hostname="DESKTOP-7VN330O" failures="0" tests="5" name="com.hibernate.project.PersonTest" time="0.606" errors="0" timestamp="2023-10-20T14:33:15 EEST" skipped="0">
  <testcase classname="com.hibernate.project.PersonTest" name="testSavePerson" time="0.123"/>
  <system-out/>
  <testcase classname="com.hibernate.project.PersonTest" name="removeRanking" time="0.129"/>
  <system-out/>
  <testcase classname="com.hibernate.project.PersonTest" name="changeRanking" time="0.128"/>
  <system-out/>
  <testcase classname="com.hibernate.project.PersonTest" name="testRankings" time="0.118"/>
  <system-out/>
  <testcase classname="com.hibernate.project.PersonTest" name="testSaveRanking" time="0.108"/>
  <system-out/>
</testsuite> <!-- com.hibernate.project.PersonTest -->
