<?xml version="1.0" encoding="UTF-8"?>
<!-- Generated by org.testng.reporters.JUnitReportReporter -->
<testsuite hostname="DESKTOP-7VN330O" failures="0" tests="2" name="com.hibernate.project.application.FindAllRankingTest" time="0.088" errors="0" timestamp="2023-10-20T14:33:15 EEST" skipped="0">
  <testcase classname="com.hibernate.project.application.FindAllRankingTest" name="findAllRankingsEmptySet" time="0.012"/>
  <system-out/>
  <testcase classname="com.hibernate.project.application.FindAllRankingTest" name="findAllRanking" time="0.076"/>
  <system-out/>
</testsuite> <!-- com.hibernate.project.application.FindAllRankingTest -->
