<?xml version="1.0" encoding="UTF-8"?>
<!-- Generated by org.testng.reporters.JUnitReportReporter -->
<testsuite hostname="DESKTOP-7VN330O" failures="0" tests="1" name="com.hibernate.project.util.SessionBuilderTest" time="0.001" errors="0" timestamp="2023-10-20T14:33:15 EEST" skipped="0">
  <testcase classname="com.hibernate.project.util.SessionBuilderTest" name="testSessionFacotry" time="0.001"/>
  <system-out/>
</testsuite> <!-- com.hibernate.project.util.SessionBuilderTest -->
