<?xml version="1.0" encoding="UTF-8"?>
<!-- Generated by org.testng.reporters.JUnitReportReporter -->
<testsuite hostname="DESKTOP-7VN330O" failures="0" tests="4" name="com.hibernate.project.RankingTest" time="0.317" errors="0" timestamp="2023-10-14T16:03:07 EEST" skipped="0">
  <testcase classname="com.hibernate.project.RankingTest" name="testSaveRanking" time="0.069"/>
  <system-out/>
  <testcase classname="com.hibernate.project.RankingTest" name="testRanking" time="0.099"/>
  <system-out/>
  <testcase classname="com.hibernate.project.RankingTest" name="changeRanking" time="0.067"/>
  <system-out/>
  <testcase classname="com.hibernate.project.RankingTest" name="removeRanking" time="0.082"/>
  <system-out/>
</testsuite> <!-- com.hibernate.project.RankingTest -->
