<?xml version="1.0" encoding="UTF-8"?>
<!-- Generated by org.testng.reporters.JUnitReportReporter -->
<testsuite hostname="DESKTOP-7VN330O" failures="0" tests="5" name="com.hibernate.project.PersonTest" time="0.701" errors="0" timestamp="2023-10-16T12:10:57 EEST" skipped="0">
  <testcase classname="com.hibernate.project.PersonTest" name="testSaveRanking" time="0.092"/>
  <system-out/>
  <testcase classname="com.hibernate.project.PersonTest" name="testSavePerson" time="0.145"/>
  <system-out/>
  <testcase classname="com.hibernate.project.PersonTest" name="changeRanking" time="0.120"/>
  <system-out/>
  <testcase classname="com.hibernate.project.PersonTest" name="testRankings" time="0.220"/>
  <system-out/>
  <testcase classname="com.hibernate.project.PersonTest" name="removeRanking" time="0.124"/>
  <system-out/>
</testsuite> <!-- com.hibernate.project.PersonTest -->
