<?xml version="1.0" encoding="UTF-8"?>
<!-- Generated by org.testng.reporters.JUnitReportReporter -->
<testsuite hostname="DESKTOP-7VN330O" failures="0" tests="2" name="com.hibernate.project.application.RemoveRankingTest" time="0.019" errors="0" timestamp="2023-10-14T16:03:07 EEST" skipped="0">
  <testcase classname="com.hibernate.project.application.RemoveRankingTest" name="removeRanking" time="0.019"/>
  <system-out/>
  <testcase classname="com.hibernate.project.application.RemoveRankingTest" name="removeNonexistRanking" time="0.000"/>
  <system-out/>
</testsuite> <!-- com.hibernate.project.application.RemoveRankingTest -->
