<?xml version="1.0" encoding="UTF-8"?>
<!-- Generated by org.testng.reporters.JUnitReportReporter -->
<testsuite hostname="DESKTOP-7VN330O" failures="0" tests="5" name="com.hibernate.project.PersonTest" time="0.496" errors="0" timestamp="2023-10-14T16:03:07 EEST" skipped="0">
  <testcase classname="com.hibernate.project.PersonTest" name="testSavePerson" time="0.067"/>
  <system-out/>
  <testcase classname="com.hibernate.project.PersonTest" name="removeRanking" time="0.133"/>
  <system-out/>
  <testcase classname="com.hibernate.project.PersonTest" name="changeRanking" time="0.102"/>
  <system-out/>
  <testcase classname="com.hibernate.project.PersonTest" name="testRankings" time="0.082"/>
  <system-out/>
  <testcase classname="com.hibernate.project.PersonTest" name="testSaveRanking" time="0.112"/>
  <system-out/>
</testsuite> <!-- com.hibernate.project.PersonTest -->
