<?xml version="1.0" encoding="UTF-8"?>
<!-- Generated by org.testng.reporters.JUnitReportReporter -->
<testsuite hostname="DESKTOP-7VN330O" failures="0" tests="1" name="com.hibernate.project.application.FindAverageRankingTest" time="0.066" errors="0" timestamp="2023-10-20T14:33:15 EEST" skipped="0">
  <testcase classname="com.hibernate.project.application.FindAverageRankingTest" name="validateRankingAverage" time="0.066"/>
  <system-out/>
</testsuite> <!-- com.hibernate.project.application.FindAverageRankingTest -->
