<?xml version="1.0" encoding="UTF-8"?>
<!-- Generated by org.testng.reporters.JUnitReportReporter -->
<testsuite hostname="DESKTOP-7VN330O" failures="0" tests="1" name="com.hibernate.project.application.AddRankingTest" time="2.182" errors="0" timestamp="2023-10-14T16:03:07 EEST" skipped="0">
  <testcase classname="com.hibernate.project.application.AddRankingTest" name="addRanking" time="2.182"/>
  <system-out/>
</testsuite> <!-- com.hibernate.project.application.AddRankingTest -->
