<?xml version="1.0" encoding="UTF-8"?>
<!-- Generated by org.testng.reporters.JUnitReportReporter -->
<testsuite hostname="DESKTOP-7VN330O" failures="0" tests="2" name="com.hibernate.project.application.FindAllRankingTest" time="0.068" errors="0" timestamp="2023-10-16T12:10:57 EEST" skipped="0">
  <testcase classname="com.hibernate.project.application.FindAllRankingTest" name="findAllRankingsEmptySet" time="0.000"/>
  <system-out/>
  <testcase classname="com.hibernate.project.application.FindAllRankingTest" name="findAllRanking" time="0.068"/>
  <system-out/>
</testsuite> <!-- com.hibernate.project.application.FindAllRankingTest -->
