<?xml version="1.0" encoding="UTF-8"?>
<!-- Generated by org.testng.reporters.JUnitReportReporter -->
<testsuite hostname="DESKTOP-7VN330O" failures="0" tests="1" name="com.hibernate.project.simple.ModelTest" time="0.016" errors="0" timestamp="2023-10-16T12:10:57 EEST" skipped="0">
  <testcase classname="com.hibernate.project.simple.ModelTest" name="testModelCreation" time="0.016"/>
  <system-out/>
</testsuite> <!-- com.hibernate.project.simple.ModelTest -->
