<?xml version="1.0" encoding="UTF-8"?>
<!-- Generated by org.testng.reporters.JUnitReportReporter -->
<testsuite hostname="DESKTOP-7VN330O" failures="0" tests="2" name="com.hibernate.project.application.UpdateRankingTest" time="0.054" errors="0" timestamp="2023-10-20T14:33:15 EEST" skipped="0">
  <testcase classname="com.hibernate.project.application.UpdateRankingTest" name="updateExistingRanking" time="0.031"/>
  <system-out/>
  <testcase classname="com.hibernate.project.application.UpdateRankingTest" name="updateNonexistingRanking" time="0.023"/>
  <system-out/>
</testsuite> <!-- com.hibernate.project.application.UpdateRankingTest -->
