<?xml version="1.0" encoding="UTF-8"?>
<!-- Generated by org.testng.reporters.JUnitReportReporter -->
<testsuite hostname="DESKTOP-7VN330O" failures="0" tests="1" name="com.hibernate.example.general.SaveOrUpdateTest" time="0.024" errors="0" timestamp="2023-10-20T14:33:20 EEST" skipped="0">
  <testcase classname="com.hibernate.example.general.SaveOrUpdateTest" name="testSaveOrUpdateEntity" time="0.024"/>
  <system-out/>
</testsuite> <!-- com.hibernate.example.general.SaveOrUpdateTest -->
