<?xml version="1.0" encoding="UTF-8"?>
<!-- Generated by org.testng.reporters.JUnitReportReporter -->
<testsuite hostname="DESKTOP-7VN330O" failures="0" tests="1" name="com.hibernate.example.mapped.ImplicitRelationshipTest" time="0.003" errors="0" timestamp="2023-10-20T14:33:20 EEST" skipped="0">
  <testcase classname="com.hibernate.example.mapped.ImplicitRelationshipTest" name="testImpliedRealtionship" time="0.003"/>
  <system-out/>
</testsuite> <!-- com.hibernate.example.mapped.ImplicitRelationshipTest -->
