<?xml version="1.0" encoding="UTF-8"?>
<!-- Generated by org.testng.reporters.JUnitReportReporter -->
<testsuite hostname="DESKTOP-7VN330O" failures="0" tests="2" name="com.hibernate.example.orphan.OrphanRemovalTest" time="0.079" errors="0" timestamp="2023-10-20T14:33:20 EEST" skipped="0">
  <testcase classname="com.hibernate.example.orphan.OrphanRemovalTest" name="testOrphanRemoval" time="0.014"/>
  <system-out/>
  <testcase classname="com.hibernate.example.orphan.OrphanRemovalTest" name="deleteLibrary" time="0.065"/>
  <system-out/>
</testsuite> <!-- com.hibernate.example.orphan.OrphanRemovalTest -->
