<?xml version="1.0" encoding="UTF-8"?>
<!-- Generated by org.testng.reporters.JUnitReportReporter -->
<testsuite hostname="DESKTOP-7VN330O" failures="0" tests="1" name="com.hibernate.example.broken.ProperSimpleInversionTest" time="0.006" errors="0" timestamp="2023-10-20T14:33:20 EEST" skipped="0">
  <testcase classname="com.hibernate.example.broken.ProperSimpleInversionTest" name="testProperSimpleInversionCode" time="0.006"/>
  <system-out/>
</testsuite> <!-- com.hibernate.example.broken.ProperSimpleInversionTest -->
