<?xml version="1.0" encoding="UTF-8"?>
<!-- Generated by org.testng.reporters.JUnitReportReporter -->
<testsuite hostname="DESKTOP-7VN330O" failures="0" tests="1" name="com.hibernate.project.jdbc.PersistenceTest" time="0.000" errors="0" timestamp="2023-10-08T11:25:27 EEST" skipped="0">
  <testcase classname="com.hibernate.project.jdbc.PersistenceTest" name="readMessage" time="0.000"/>
  <system-out/>
</testsuite> <!-- com.hibernate.project.jdbc.PersistenceTest -->
