<?xml version="1.0" encoding="UTF-8"?>
<!-- Generated by org.testng.reporters.JUnitReportReporter -->
<testsuite hostname="DESKTOP-7VN330O" failures="0" tests="1" name="com.hibernate.project.jdbc.PersistenceHTest" time="0.384" errors="0" timestamp="2023-10-20T14:33:04 EEST" skipped="0">
  <testcase classname="com.hibernate.project.jdbc.PersistenceHTest" name="readMessage" time="0.384"/>
  <system-out/>
</testsuite> <!-- com.hibernate.project.jdbc.PersistenceHTest -->
