<?xml version="1.0" encoding="UTF-8"?>
<!-- Generated by org.testng.reporters.JUnitReportReporter -->
<testsuite hostname="DESKTOP-7VN330O" failures="0" tests="1" name="com.hibernate.project.jdbc.PersistenceHTest" time="0.325" errors="0" timestamp="2023-10-12T11:23:01 EEST" skipped="0">
  <testcase classname="com.hibernate.project.jdbc.PersistenceHTest" name="readMessage" time="0.325"/>
  <system-out/>
</testsuite> <!-- com.hibernate.project.jdbc.PersistenceHTest -->
